Arguments: 
  C:\Program Files\nodejs\node.exe C:\Users\higui\AppData\Roaming\npm\node_modules\yarn\bin\yarn.js install

PATH: 
  C:\Program Files (x86)\Common Files\Oracle\Java\javapath;C:\Python27\;C:\Python27\Scripts;C:\Program Files (x86)\Common Files\Intel\Shared Libraries\redist\intel64\compiler;C:\WINDOWS\system32;C:\WINDOWS;C:\WINDOWS\System32\Wbem;C:\WINDOWS\System32\WindowsPowerShell\v1.0\;C:\WINDOWS\System32\OpenSSH\;C:\Program Files\Microsoft SQL Server\130\Tools\Binn\;C:\Program Files\Microsoft SQL Server\Client SDK\ODBC\170\Tools\Binn\;C:\xampp\php;C:\composer;C:\Program Files\dotnet\;C:\Program Files\nodejs\;C:\ProgramData\chocolatey\bin;C:\Program Files\Git\cmd;C:\Program Files\PuTTY\;C:\Users\higui\AppData\Local\Microsoft\WindowsApps;C:\Users\higui\AppData\Local\Programs\Microsoft VS Code\bin;C:\Users\higui\AppData\Roaming\Composer\vendor\bin;C:\Users\higui\AppData\Local\GitHubDesktop\bin;C:\flutter\bin;C:\Users\higui\AppData\Roaming\npm;C:\ProgramData\Microsoft\Windows\Start Menu\Programs\Node.js;C:\FFmpeg\bin;;%USERPROFILE%\AppData\Local\Microsoft\WindowsApps

Yarn version: 
  1.22.10

Node version: 
  12.16.1

Platform: 
  win32 x64

Trace: 
  Error: EPERM: operation not permitted, scandir 'C:\Users\higui\AppData\Local\Yarn\Cache\v6\npm-core-js-2.6.12-d9333dfa7b065e347cc5682219d6f690859cc2ec-integrity\node_modules\core-js\fn\reflect'

npm manifest: 
  {
    "main": "node_modules/expo/AppEntry.js",
    "scripts": {
      "start": "expo start",
      "android": "expo start --android",
      "ios": "expo start --ios",
      "web": "expo start --web",
      "eject": "expo eject"
    },
    "dependencies": {
      "expo": "~40.0.0",
      "expo-status-bar": "~1.0.3",
      "react": "16.13.1",
      "react-dom": "16.13.1",
      "react-native": "https://github.com/expo/react-native/archive/sdk-40.0.1.tar.gz",
      "react-native-web": "~0.13.12"
    },
    "devDependencies": {
      "@babel/core": "~7.9.0"
    },
    "private": true
  }

yarn manifest: 
  No manifest

Lockfile: 
  No lockfile
